Release 14.2 - xst P.28xd (nt64)
Copyright (c) 1995-2012 Xilinx, Inc.  All rights reserved.
--> Parameter TMPDIR set to xst/projnav.tmp


Total REAL time to Xst completion: 1.00 secs
Total CPU time to Xst completion: 0.43 secs
 
--> Parameter xsthdpdir set to xst


Total REAL time to Xst completion: 1.00 secs
Total CPU time to Xst completion: 0.43 secs
 
--> Reading design: load_bram.prj

TABLE OF CONTENTS
  1) Synthesis Options Summary
  2) HDL Parsing
  3) HDL Elaboration
  4) HDL Synthesis
       4.1) HDL Synthesis Report
  5) Advanced HDL Synthesis
       5.1) Advanced HDL Synthesis Report
  6) Low Level Synthesis
  7) Partition Report
  8) Design Summary
       8.1) Primitive and Black Box Usage
       8.2) Device utilization summary
       8.3) Partition Resource Summary
       8.4) Timing Report
            8.4.1) Clock Information
            8.4.2) Asynchronous Control Signals Information
            8.4.3) Timing Summary
            8.4.4) Timing Details
            8.4.5) Cross Clock Domains Report


=========================================================================
*                      Synthesis Options Summary                        *
=========================================================================
---- Source Parameters
Input File Name                    : "load_bram.prj"
Ignore Synthesis Constraint File   : NO

---- Target Parameters
Output File Name                   : "load_bram"
Output Format                      : NGC
Target Device                      : xc6slx45-3-csg324

---- Source Options
Top Module Name                    : load_bram
Automatic FSM Extraction           : YES
FSM Encoding Algorithm             : Auto
Safe Implementation                : No
FSM Style                          : LUT
RAM Extraction                     : Yes
RAM Style                          : Auto
ROM Extraction                     : Yes
Shift Register Extraction          : YES
ROM Style                          : Auto
Resource Sharing                   : YES
Asynchronous To Synchronous        : NO
Shift Register Minimum Size        : 2
Use DSP Block                      : Auto
Automatic Register Balancing       : No

---- Target Options
LUT Combining                      : Auto
Reduce Control Sets                : Auto
Add IO Buffers                     : YES
Global Maximum Fanout              : 100000
Add Generic Clock Buffer(BUFG)     : 16
Register Duplication               : YES
Optimize Instantiated Primitives   : NO
Use Clock Enable                   : Auto
Use Synchronous Set                : Auto
Use Synchronous Reset              : Auto
Pack IO Registers into IOBs        : Auto
Equivalent register Removal        : YES

---- General Options
Optimization Goal                  : Speed
Optimization Effort                : 1
Power Reduction                    : NO
Keep Hierarchy                     : No
Netlist Hierarchy                  : As_Optimized
RTL Output                         : Yes
Global Optimization                : AllClockNets
Read Cores                         : YES
Write Timing Constraints           : NO
Cross Clock Analysis               : NO
Hierarchy Separator                : /
Bus Delimiter                      : <>
Case Specifier                     : Maintain
Slice Utilization Ratio            : 100
BRAM Utilization Ratio             : 100
DSP48 Utilization Ratio            : 100
Auto BRAM Packing                  : NO
Slice Utilization Ratio Delta      : 5

---- Other Options
Cores Search Directories           : {"ipcore_dir"  }

=========================================================================


=========================================================================
*                          HDL Parsing                                  *
=========================================================================
Analyzing Verilog file "C:\fpga\ISE\pxconv\pxconv.v" into library work
Parsing module <pxconv>.
Analyzing Verilog file "C:\fpga\ISE\pxconv\ipcore_dir\PXBRAM.v" into library work
Parsing module <PXBRAM>.
Analyzing Verilog file "C:\fpga\ISE\pxconv\ipcore_dir\fifo.v" into library work
Parsing module <fifo>.
Parsing VHDL file "C:\Xilinx\14.2\ISE_DS\EDK\hw\XilinxProcessorIPLib\pcores\proc_common_v3_00_a\hdl\vhdl\proc_common_pkg.vhd" into library proc_common_v3_00_a
Parsing package <proc_common_pkg>.
Parsing package body <proc_common_pkg>.
Parsing VHDL file "C:\Xilinx\14.2\ISE_DS\EDK\hw\XilinxProcessorIPLib\pcores\proc_common_v3_00_a\hdl\vhdl\family_support.vhd" into library proc_common_v3_00_a
Parsing package <family_support>.
Parsing package body <family_support>.
Parsing VHDL file "C:\Xilinx\14.2\ISE_DS\EDK\hw\XilinxProcessorIPLib\pcores\proc_common_v3_00_a\hdl\vhdl\muxf_struct_f.vhd" into library proc_common_v3_00_a
Parsing entity <muxf_struct>.
Parsing architecture <imp> of entity <muxf_struct>.
Parsing entity <muxf_struct_f>.
Parsing architecture <imp> of entity <muxf_struct_f>.
Parsing VHDL file "C:\Xilinx\14.2\ISE_DS\EDK\hw\XilinxProcessorIPLib\pcores\proc_common_v3_00_a\hdl\vhdl\dynshreg_f.vhd" into library proc_common_v3_00_a
Parsing entity <dynshreg_f>.
Parsing architecture <behavioral> of entity <dynshreg_f>.
Parsing VHDL file "C:\Xilinx\14.2\ISE_DS\EDK\hw\XilinxProcessorIPLib\pcores\proc_common_v3_00_a\hdl\vhdl\cntr_incr_decr_addn_f.vhd" into library proc_common_v3_00_a
Parsing entity <cntr_incr_decr_addn_f>.
Parsing architecture <imp> of entity <cntr_incr_decr_addn_f>.
Parsing VHDL file "C:\Xilinx\14.2\ISE_DS\EDK\hw\XilinxProcessorIPLib\pcores\proc_common_v3_00_a\hdl\vhdl\srl_fifo_rbu_f.vhd" into library proc_common_v3_00_a
Parsing entity <srl_fifo_rbu_f>.
Parsing architecture <imp> of entity <srl_fifo_rbu_f>.
Parsing VHDL file "C:\Xilinx\14.2\ISE_DS\EDK\hw\XilinxProcessorIPLib\pcores\proc_common_v3_00_a\hdl\vhdl\srl_fifo_f.vhd" into library proc_common_v3_00_a
Parsing entity <srl_fifo_f>.
Parsing architecture <imp> of entity <srl_fifo_f>.
Parsing VHDL file "C:\Xilinx\14.2\ISE_DS\EDK\hw\XilinxProcessorIPLib\pcores\proc_common_v3_00_a\hdl\vhdl\pselect_f.vhd" into library proc_common_v3_00_a
Parsing entity <pselect_f>.
Parsing architecture <imp> of entity <pselect_f>.
Parsing VHDL file "C:\Xilinx\14.2\ISE_DS\EDK\hw\XilinxProcessorIPLib\pcores\proc_common_v3_00_a\hdl\vhdl\ipif_pkg.vhd" into library proc_common_v3_00_a
Parsing package <ipif_pkg>.
Parsing package body <ipif_pkg>.
Parsing VHDL file "C:\Xilinx\14.2\ISE_DS\EDK\hw\XilinxProcessorIPLib\pcores\axi_master_burst_v1_00_a\hdl\vhdl\axi_master_burst_wr_demux.vhd" into library axi_master_burst_v1_00_a
Parsing entity <axi_master_burst_wr_demux>.
Parsing architecture <implementation> of entity <axi_master_burst_wr_demux>.
Parsing VHDL file "C:\Xilinx\14.2\ISE_DS\EDK\hw\XilinxProcessorIPLib\pcores\axi_master_burst_v1_00_a\hdl\vhdl\axi_master_burst_strb_gen.vhd" into library axi_master_burst_v1_00_a
Parsing entity <axi_master_burst_strb_gen>.
Parsing architecture <implementation> of entity <axi_master_burst_strb_gen>.
Parsing VHDL file "C:\Xilinx\14.2\ISE_DS\EDK\hw\XilinxProcessorIPLib\pcores\axi_master_burst_v1_00_a\hdl\vhdl\axi_master_burst_rdmux.vhd" into library axi_master_burst_v1_00_a
Parsing entity <axi_master_burst_rdmux>.
Parsing architecture <implementation> of entity <axi_master_burst_rdmux>.
Parsing VHDL file "C:\Xilinx\14.2\ISE_DS\EDK\hw\XilinxProcessorIPLib\pcores\axi_master_burst_v1_00_a\hdl\vhdl\axi_master_burst_fifo.vhd" into library axi_master_burst_v1_00_a
Parsing entity <axi_master_burst_fifo>.
Parsing architecture <imp> of entity <axi_master_burst_fifo>.
Parsing VHDL file "C:\Xilinx\14.2\ISE_DS\EDK\hw\XilinxProcessorIPLib\pcores\proc_common_v3_00_a\hdl\vhdl\counter_f.vhd" into library proc_common_v3_00_a
Parsing entity <counter_f>.
Parsing architecture <imp> of entity <counter_f>.
Parsing VHDL file "C:\Xilinx\14.2\ISE_DS\EDK\hw\XilinxProcessorIPLib\pcores\axi_master_burst_v1_00_a\hdl\vhdl\axi_master_burst_wr_status_cntl.vhd" into library axi_master_burst_v1_00_a
Parsing entity <axi_master_burst_wr_status_cntl>.
Parsing architecture <implementation> of entity <axi_master_burst_wr_status_cntl>.
Parsing VHDL file "C:\Xilinx\14.2\ISE_DS\EDK\hw\XilinxProcessorIPLib\pcores\axi_master_burst_v1_00_a\hdl\vhdl\axi_master_burst_wrdata_cntl.vhd" into library axi_master_burst_v1_00_a
Parsing entity <axi_master_burst_wrdata_cntl>.
Parsing architecture <implementation> of entity <axi_master_burst_wrdata_cntl>.
Parsing VHDL file "C:\Xilinx\14.2\ISE_DS\EDK\hw\XilinxProcessorIPLib\pcores\axi_master_burst_v1_00_a\hdl\vhdl\axi_master_burst_stbs_set.vhd" into library axi_master_burst_v1_00_a
Parsing entity <axi_master_burst_stbs_set>.
Parsing architecture <implementation> of entity <axi_master_burst_stbs_set>.
Parsing VHDL file "C:\Xilinx\14.2\ISE_DS\EDK\hw\XilinxProcessorIPLib\pcores\axi_master_burst_v1_00_a\hdl\vhdl\axi_master_burst_skid_buf.vhd" into library axi_master_burst_v1_00_a
Parsing entity <axi_master_burst_skid_buf>.
Parsing architecture <implementation> of entity <axi_master_burst_skid_buf>.
Parsing VHDL file "C:\Xilinx\14.2\ISE_DS\EDK\hw\XilinxProcessorIPLib\pcores\axi_master_burst_v1_00_a\hdl\vhdl\axi_master_burst_skid2mm_buf.vhd" into library axi_master_burst_v1_00_a
Parsing entity <axi_master_burst_skid2mm_buf>.
Parsing architecture <implementation> of entity <axi_master_burst_skid2mm_buf>.
Parsing VHDL file "C:\Xilinx\14.2\ISE_DS\EDK\hw\XilinxProcessorIPLib\pcores\axi_master_burst_v1_00_a\hdl\vhdl\axi_master_burst_rd_status_cntl.vhd" into library axi_master_burst_v1_00_a
Parsing entity <axi_master_burst_rd_status_cntl>.
Parsing architecture <implementation> of entity <axi_master_burst_rd_status_cntl>.
Parsing VHDL file "C:\Xilinx\14.2\ISE_DS\EDK\hw\XilinxProcessorIPLib\pcores\axi_master_burst_v1_00_a\hdl\vhdl\axi_master_burst_rddata_cntl.vhd" into library axi_master_burst_v1_00_a
Parsing entity <axi_master_burst_rddata_cntl>.
Parsing architecture <implementation> of entity <axi_master_burst_rddata_cntl>.
Parsing VHDL file "C:\Xilinx\14.2\ISE_DS\EDK\hw\XilinxProcessorIPLib\pcores\axi_master_burst_v1_00_a\hdl\vhdl\axi_master_burst_pcc.vhd" into library axi_master_burst_v1_00_a
Parsing entity <axi_master_burst_pcc>.
Parsing architecture <implementation> of entity <axi_master_burst_pcc>.
Parsing VHDL file "C:\Xilinx\14.2\ISE_DS\EDK\hw\XilinxProcessorIPLib\pcores\axi_master_burst_v1_00_a\hdl\vhdl\axi_master_burst_first_stb_offset.vhd" into library axi_master_burst_v1_00_a
Parsing entity <axi_master_burst_first_stb_offset>.
Parsing architecture <implementation> of entity <axi_master_burst_first_stb_offset>.
Parsing VHDL file "C:\Xilinx\14.2\ISE_DS\EDK\hw\XilinxProcessorIPLib\pcores\axi_master_burst_v1_00_a\hdl\vhdl\axi_master_burst_addr_cntl.vhd" into library axi_master_burst_v1_00_a
Parsing entity <axi_master_burst_addr_cntl>.
Parsing architecture <implementation> of entity <axi_master_burst_addr_cntl>.
Parsing VHDL file "C:\Xilinx\14.2\ISE_DS\EDK\hw\XilinxProcessorIPLib\pcores\axi_lite_ipif_v1_01_a\hdl\vhdl\address_decoder.vhd" into library axi_lite_ipif_v1_01_a
Parsing entity <address_decoder>.
Parsing architecture <IMP> of entity <address_decoder>.
Parsing VHDL file "C:\Xilinx\14.2\ISE_DS\EDK\hw\XilinxProcessorIPLib\pcores\axi_master_burst_v1_00_a\hdl\vhdl\axi_master_burst_wr_llink.vhd" into library axi_master_burst_v1_00_a
Parsing entity <axi_master_burst_wr_llink>.
Parsing architecture <implementation> of entity <axi_master_burst_wr_llink>.
Parsing VHDL file "C:\Xilinx\14.2\ISE_DS\EDK\hw\XilinxProcessorIPLib\pcores\axi_master_burst_v1_00_a\hdl\vhdl\axi_master_burst_reset.vhd" into library axi_master_burst_v1_00_a
Parsing entity <axi_master_burst_reset>.
Parsing architecture <implementation> of entity <axi_master_burst_reset>.
Parsing VHDL file "C:\Xilinx\14.2\ISE_DS\EDK\hw\XilinxProcessorIPLib\pcores\axi_master_burst_v1_00_a\hdl\vhdl\axi_master_burst_rd_wr_cntlr.vhd" into library axi_master_burst_v1_00_a
Parsing entity <axi_master_burst_rd_wr_cntlr>.
Parsing architecture <implementation> of entity <axi_master_burst_rd_wr_cntlr>.
Parsing VHDL file "C:\Xilinx\14.2\ISE_DS\EDK\hw\XilinxProcessorIPLib\pcores\axi_master_burst_v1_00_a\hdl\vhdl\axi_master_burst_rd_llink.vhd" into library axi_master_burst_v1_00_a
Parsing entity <axi_master_burst_rd_llink>.
Parsing architecture <implementation> of entity <axi_master_burst_rd_llink>.
Parsing VHDL file "C:\Xilinx\14.2\ISE_DS\EDK\hw\XilinxProcessorIPLib\pcores\axi_master_burst_v1_00_a\hdl\vhdl\axi_master_burst_cmd_status.vhd" into library axi_master_burst_v1_00_a
Parsing entity <axi_master_burst_cmd_status>.
Parsing architecture <implementation> of entity <axi_master_burst_cmd_status>.
Parsing VHDL file "C:\Xilinx\14.2\ISE_DS\EDK\hw\XilinxProcessorIPLib\pcores\axi_lite_ipif_v1_01_a\hdl\vhdl\slave_attachment.vhd" into library axi_lite_ipif_v1_01_a
Parsing entity <slave_attachment>.
Parsing architecture <imp> of entity <slave_attachment>.
Parsing VHDL file "C:\Xilinx\14.2\ISE_DS\EDK\hw\XilinxProcessorIPLib\pcores\axi_master_burst_v1_00_a\hdl\vhdl\axi_master_burst.vhd" into library axi_master_burst_v1_00_a
Parsing entity <axi_master_burst>.
Parsing architecture <implementation> of entity <axi_master_burst>.
Parsing VHDL file "C:\Xilinx\14.2\ISE_DS\EDK\hw\XilinxProcessorIPLib\pcores\axi_lite_ipif_v1_01_a\hdl\vhdl\axi_lite_ipif.vhd" into library axi_lite_ipif_v1_01_a
Parsing entity <axi_lite_ipif>.
Parsing architecture <imp> of entity <axi_lite_ipif>.
Parsing VHDL file "C:\fpga\ISE\pxconv\user_logic.vhd" into library work
Parsing entity <user_logic>.
Parsing architecture <IMP> of entity <user_logic>.
ERROR:HDLCompiler:1314 - "C:\fpga\ISE\pxconv\user_logic.vhd" Line 927: Formal port/generic <bram_addr_width> is not declared in <pxconv>
ERROR:HDLCompiler:854 - "C:\fpga\ISE\pxconv\ipcore_dir\PXBRAM.v" Line 39: Unit <\PXBRAM\> ignored due to previous errors.
ERROR:HDLCompiler:69 - "C:\fpga\ISE\pxconv\user_logic.vhd" Line 952: <pxbram> is not declared.
ERROR:HDLCompiler:461 - "C:\fpga\ISE\pxconv\user_logic.vhd" Line 952: If you are trying to directly instantiate a design entity, please use expanded name.
ERROR:HDLCompiler:854 - "C:\fpga\ISE\pxconv\user_logic.vhd" Line 199: Unit <imp> ignored due to previous errors.
VHDL file C:\fpga\ISE\pxconv\user_logic.vhd ignored due to errors
--> 

Total memory usage is 212476 kilobytes

Number of errors   :    5 (   0 filtered)
Number of warnings :    0 (   0 filtered)
Number of infos    :    0 (   0 filtered)

